<?xml version="1.0" encoding="UTF-8"?>
<testsuite name="com.davon.library.service.EmailServiceTest" tests="3" skipped="0" failures="0" errors="0" timestamp="2025-05-21T07:04:42.053Z" hostname="Yasins-MacBook-Air.local" time="0.014">
  <properties/>
  <testcase name="sendVerificationEmail()" classname="com.davon.library.service.EmailServiceTest" time="0.011"/>
  <testcase name="sendSecurityNotification()" classname="com.davon.library.service.EmailServiceTest" time="0.002"/>
  <testcase name="sendPasswordResetEmail()" classname="com.davon.library.service.EmailServiceTest" time="0.001"/>
  <system-out><![CDATA[10:04:42.059 [Test worker] INFO com.davon.library.service.EmailService -- Sending email to: test@example.com
10:04:42.063 [Test worker] INFO com.davon.library.service.EmailService -- Subject: Verify Your Library Account
10:04:42.063 [Test worker] INFO com.davon.library.service.EmailService -- Content: Please click the link below to verify your account:
http://library.example.com/verify?token=testToken123
10:04:42.066 [Test worker] INFO com.davon.library.service.EmailService -- Sending email to: security@example.com
10:04:42.066 [Test worker] INFO com.davon.library.service.EmailService -- Subject: Security Notification - Library Account
10:04:42.066 [Test worker] INFO com.davon.library.service.EmailService -- Content: Test security alert.
10:04:42.068 [Test worker] INFO com.davon.library.service.EmailService -- Sending email to: reset@example.com
10:04:42.068 [Test worker] INFO com.davon.library.service.EmailService -- Subject: Reset Your Library Account Password
10:04:42.068 [Test worker] INFO com.davon.library.service.EmailService -- Content: Please click the link below to reset your password:
http://library.example.com/reset-password?token=resetToken456
]]></system-out>
  <system-err><![CDATA[]]></system-err>
</testsuite>
