<?xml version="1.0" encoding="UTF-8"?>
<testsuite name="com.davon.library.service.ReceiptServiceTest" tests="3" skipped="0" failures="0" errors="0" timestamp="2025-05-21T07:04:42.361Z" hostname="Yasins-MacBook-Air.local" time="0.007">
  <properties/>
  <testcase name="testEmailReceipt()" classname="com.davon.library.service.ReceiptServiceTest" time="0.004"/>
  <testcase name="testPrintReceipt()" classname="com.davon.library.service.ReceiptServiceTest" time="0.001"/>
  <testcase name="testCreateReceipt()" classname="com.davon.library.service.ReceiptServiceTest" time="0.001"/>
  <system-out><![CDATA[]]></system-out>
  <system-err><![CDATA[]]></system-err>
</testsuite>
