<?xml version="1.0" encoding="UTF-8"?>
<testsuite name="com.davon.library.service.LoanServiceTest" tests="4" skipped="0" failures="0" errors="0" timestamp="2025-05-13T08:10:14.615Z" hostname="Yasins-MacBook-Air.local" time="0.026">
  <properties/>
  <testcase name="testCheckoutBookNotAvailable()" classname="com.davon.library.service.LoanServiceTest" time="0.014"/>
  <testcase name="testReturnBookSuccess()" classname="com.davon.library.service.LoanServiceTest" time="0.007"/>
  <testcase name="testCheckoutBookSuccess()" classname="com.davon.library.service.LoanServiceTest" time="0.001"/>
  <testcase name="testReturnBookNotFound()" classname="com.davon.library.service.LoanServiceTest" time="0.001"/>
  <system-out><![CDATA[]]></system-out>
  <system-err><![CDATA[]]></system-err>
</testsuite>
