<?xml version="1.0" encoding="UTF-8"?>
<testsuite name="com.davon.library.service.NotificationServiceTest" tests="3" skipped="0" failures="0" errors="0" timestamp="2025-05-13T14:32:39.582Z" hostname="Yasins-MacBook-Air.local" time="0.004">
  <properties/>
  <testcase name="testSendOverdueNotice()" classname="com.davon.library.service.NotificationServiceTest" time="0.002"/>
  <testcase name="testSendCheckoutConfirmation()" classname="com.davon.library.service.NotificationServiceTest" time="0.001"/>
  <testcase name="testSendReservationNotification()" classname="com.davon.library.service.NotificationServiceTest" time="0.001"/>
  <system-out><![CDATA[]]></system-out>
  <system-err><![CDATA[]]></system-err>
</testsuite>
