<?xml version="1.0" encoding="UTF-8"?>
<testsuite name="com.davon.library.service.BookLabelServiceTest" tests="2" skipped="0" failures="0" errors="0" timestamp="2025-05-21T07:04:41.933Z" hostname="Yasins-MacBook-Air.local" time="0.05">
  <properties/>
  <testcase name="testGenerateLabel()" classname="com.davon.library.service.BookLabelServiceTest" time="0.047"/>
  <testcase name="testGenerateLabel_BookCopyNotFound()" classname="com.davon.library.service.BookLabelServiceTest" time="0.002"/>
  <system-out><![CDATA[]]></system-out>
  <system-err><![CDATA[]]></system-err>
</testsuite>
