<?xml version="1.0" encoding="UTF-8"?>
<testsuite name="com.davon.library.service.OverdueProcessingServiceTest" tests="4" skipped="0" failures="0" errors="0" timestamp="2025-05-13T14:19:23.328Z" hostname="Yasins-MacBook-Air.local" time="0.089">
  <properties/>
  <testcase name="processOverdueItems_shouldProcessOverdueLoan()" classname="com.davon.library.service.OverdueProcessingServiceTest" time="0.08"/>
  <testcase name="processOverdueItems_shouldNotProcessAlreadyOverdueLoanAgain()" classname="com.davon.library.service.OverdueProcessingServiceTest" time="0.002"/>
  <testcase name="processOverdueItems_shouldNotProcessNotOverdueLoan()" classname="com.davon.library.service.OverdueProcessingServiceTest" time="0.002"/>
  <testcase name="processOverdueItems_shouldHandleNoOverdueLoans()" classname="com.davon.library.service.OverdueProcessingServiceTest" time="0.003"/>
  <system-out><![CDATA[]]></system-out>
  <system-err><![CDATA[]]></system-err>
</testsuite>
