<?xml version="1.0" encoding="UTF-8"?>
<testsuite name="com.davon.library.service.UserServiceTest" tests="8" skipped="0" failures="0" errors="0" timestamp="2025-05-21T07:09:28.165Z" hostname="Yasins-MacBook-Air.local" time="0.006">
  <properties/>
  <testcase name="testSearchUsers()" classname="com.davon.library.service.UserServiceTest" time="0.001"/>
  <testcase name="testUpdateUser()" classname="com.davon.library.service.UserServiceTest" time="0.0"/>
  <testcase name="testUpdateUserStatus()" classname="com.davon.library.service.UserServiceTest" time="0.001"/>
  <testcase name="testUpdateProfile()" classname="com.davon.library.service.UserServiceTest" time="0.0"/>
  <testcase name="testAuthenticateUser()" classname="com.davon.library.service.UserServiceTest" time="0.001"/>
  <testcase name="testCreateUser()" classname="com.davon.library.service.UserServiceTest" time="0.0"/>
  <testcase name="testFindUserByEmail()" classname="com.davon.library.service.UserServiceTest" time="0.0"/>
  <testcase name="testDeactivateAndActivateUser()" classname="com.davon.library.service.UserServiceTest" time="0.001"/>
  <system-out><![CDATA[]]></system-out>
  <system-err><![CDATA[]]></system-err>
</testsuite>
