<?xml version="1.0" encoding="UTF-8"?>
<testsuite name="com.davon.library.repository.InMemoryBookRepositoryTest" tests="5" skipped="0" failures="0" errors="0" timestamp="2025-05-13T14:19:23.231Z" hostname="Yasins-MacBook-Air.local" time="0.006">
  <properties/>
  <testcase name="testSaveExistingBook()" classname="com.davon.library.repository.InMemoryBookRepositoryTest" time="0.0"/>
  <testcase name="testFindById()" classname="com.davon.library.repository.InMemoryBookRepositoryTest" time="0.001"/>
  <testcase name="testFindByIdNotFound()" classname="com.davon.library.repository.InMemoryBookRepositoryTest" time="0.001"/>
  <testcase name="testDelete()" classname="com.davon.library.repository.InMemoryBookRepositoryTest" time="0.001"/>
  <testcase name="testSaveNewBook()" classname="com.davon.library.repository.InMemoryBookRepositoryTest" time="0.0"/>
  <system-out><![CDATA[]]></system-out>
  <system-err><![CDATA[]]></system-err>
</testsuite>
