<?xml version="1.0" encoding="UTF-8"?>
<testsuite name="com.davon.library.service.AuthenticationServiceTest" tests="8" skipped="0" failures="0" errors="0" timestamp="2025-05-21T07:04:41.676Z" hostname="Yasins-MacBook-Air.local" time="0.255">
  <properties/>
  <testcase name="testLoginWithLockedAccount()" classname="com.davon.library.service.AuthenticationServiceTest" time="0.18"/>
  <testcase name="testRegisterAccount()" classname="com.davon.library.service.AuthenticationServiceTest" time="0.053"/>
  <testcase name="testFailedLogin()" classname="com.davon.library.service.AuthenticationServiceTest" time="0.002"/>
  <testcase name="testSessionValidation()" classname="com.davon.library.service.AuthenticationServiceTest" time="0.005"/>
  <testcase name="testSuccessfulLogin()" classname="com.davon.library.service.AuthenticationServiceTest" time="0.002"/>
  <testcase name="testVerifyEmailWithInvalidToken()" classname="com.davon.library.service.AuthenticationServiceTest" time="0.001"/>
  <testcase name="testLogout()" classname="com.davon.library.service.AuthenticationServiceTest" time="0.003"/>
  <testcase name="testVerifyEmail()" classname="com.davon.library.service.AuthenticationServiceTest" time="0.002"/>
  <system-out><![CDATA[]]></system-out>
  <system-err><![CDATA[]]></system-err>
</testsuite>
