<?xml version="1.0" encoding="UTF-8"?>
<testsuite name="com.davon.library.service.SecurityServiceTest" tests="8" skipped="0" failures="0" errors="0" timestamp="2025-05-21T07:09:28.108Z" hostname="Yasins-MacBook-Air.local" time="0.035">
  <properties/>
  <testcase name="testSendSecurityAlert()" classname="com.davon.library.service.SecurityServiceTest" time="0.024"/>
  <testcase name="testLogSecurityEvent()" classname="com.davon.library.service.SecurityServiceTest" time="0.003"/>
  <testcase name="testProcessSecurityAlert()" classname="com.davon.library.service.SecurityServiceTest" time="0.001"/>
  <testcase name="testAccountLocking()" classname="com.davon.library.service.SecurityServiceTest" time="0.0"/>
  <testcase name="testHashPassword()" classname="com.davon.library.service.SecurityServiceTest" time="0.001"/>
  <testcase name="testVerifyPassword()" classname="com.davon.library.service.SecurityServiceTest" time="0.001"/>
  <testcase name="testGenerateAndValidateVerificationToken()" classname="com.davon.library.service.SecurityServiceTest" time="0.001"/>
  <testcase name="testGenerateAndValidatePasswordResetToken()" classname="com.davon.library.service.SecurityServiceTest" time="0.0"/>
  <system-out><![CDATA[]]></system-out>
  <system-err><![CDATA[]]></system-err>
</testsuite>
