<?xml version="1.0" encoding="UTF-8"?>
<testsuite name="com.davon.library.service.ReportServiceTest" tests="4" skipped="0" failures="0" errors="0" timestamp="2025-05-21T07:09:28.091Z" hostname="Yasins-MacBook-Air.local" time="0.01">
  <properties/>
  <testcase name="testGenerateDailyCirculation()" classname="com.davon.library.service.ReportServiceTest" time="0.002"/>
  <testcase name="testGenerateMembershipReport()" classname="com.davon.library.service.ReportServiceTest" time="0.004"/>
  <testcase name="testGenerateOverdueItemsReport()" classname="com.davon.library.service.ReportServiceTest" time="0.001"/>
  <testcase name="testGenerateInventoryStatusReport()" classname="com.davon.library.service.ReportServiceTest" time="0.002"/>
  <system-out><![CDATA[]]></system-out>
  <system-err><![CDATA[]]></system-err>
</testsuite>
