<?xml version="1.0" encoding="UTF-8"?>
<testsuite name="com.davon.library.service.ReceiptServiceTest" tests="3" skipped="0" failures="0" errors="0" timestamp="2025-05-21T07:09:28.085Z" hostname="Yasins-MacBook-Air.local" time="0.005">
  <properties/>
  <testcase name="testEmailReceipt()" classname="com.davon.library.service.ReceiptServiceTest" time="0.003"/>
  <testcase name="testPrintReceipt()" classname="com.davon.library.service.ReceiptServiceTest" time="0.001"/>
  <testcase name="testCreateReceipt()" classname="com.davon.library.service.ReceiptServiceTest" time="0.0"/>
  <system-out><![CDATA[]]></system-out>
  <system-err><![CDATA[]]></system-err>
</testsuite>
