<?xml version="1.0" encoding="UTF-8"?>
<testsuite name="com.davon.library.service.CatalogingServiceTest" tests="5" skipped="0" failures="0" errors="0" timestamp="2025-05-21T07:06:10.217Z" hostname="Yasins-MacBook-Air.local" time="0.039">
  <properties/>
  <testcase name="testCatalogNewBook_InvalidISBN()" classname="com.davon.library.service.CatalogingServiceTest" time="0.031"/>
  <testcase name="testCatalogNewBook_InvalidMetadata()" classname="com.davon.library.service.CatalogingServiceTest" time="0.002"/>
  <testcase name="testCatalogNewBook_Success()" classname="com.davon.library.service.CatalogingServiceTest" time="0.002"/>
  <testcase name="testVerifyISBN_Invalid()" classname="com.davon.library.service.CatalogingServiceTest" time="0.001"/>
  <testcase name="testVerifyISBN_Valid()" classname="com.davon.library.service.CatalogingServiceTest" time="0.002"/>
  <system-out><![CDATA[]]></system-out>
  <system-err><![CDATA[]]></system-err>
</testsuite>
