<?xml version="1.0" encoding="UTF-8"?>
<testsuite name="com.davon.library.service.LoanServiceTest" tests="4" skipped="0" failures="0" errors="0" timestamp="2025-05-21T07:06:10.419Z" hostname="Yasins-MacBook-Air.local" time="0.002">
  <properties/>
  <testcase name="testCheckoutBookNotAvailable()" classname="com.davon.library.service.LoanServiceTest" time="0.0"/>
  <testcase name="testReturnBookSuccess()" classname="com.davon.library.service.LoanServiceTest" time="0.001"/>
  <testcase name="testCheckoutBookSuccess()" classname="com.davon.library.service.LoanServiceTest" time="0.001"/>
  <testcase name="testReturnBookNotFound()" classname="com.davon.library.service.LoanServiceTest" time="0.0"/>
  <system-out><![CDATA[]]></system-out>
  <system-err><![CDATA[]]></system-err>
</testsuite>
