<?xml version="1.0" encoding="UTF-8"?>
<testsuite name="com.davon.library.service.FineServiceTest" tests="4" skipped="0" failures="0" errors="0" timestamp="2025-05-21T07:09:27.869Z" hostname="Yasins-MacBook-Air.local" time="0.004">
  <properties/>
  <testcase name="testCalculateOverdueFine()" classname="com.davon.library.service.FineServiceTest" time="0.002"/>
  <testcase name="testCreateDamageFine()" classname="com.davon.library.service.FineServiceTest" time="0.0"/>
  <testcase name="testMaxFineLimit()" classname="com.davon.library.service.FineServiceTest" time="0.0"/>
  <testcase name="testCreateLostItemFine()" classname="com.davon.library.service.FineServiceTest" time="0.0"/>
  <system-out><![CDATA[]]></system-out>
  <system-err><![CDATA[]]></system-err>
</testsuite>
