<?xml version="1.0" encoding="UTF-8"?>
<testsuite name="com.davon.library.service.CatalogingServiceTest" tests="5" skipped="0" failures="0" errors="0" timestamp="2025-05-13T14:44:07.767Z" hostname="Yasins-MacBook-Air.local" time="0.769">
  <properties/>
  <testcase name="testCatalogNewBook_InvalidISBN()" classname="com.davon.library.service.CatalogingServiceTest" time="0.743"/>
  <testcase name="testCatalogNewBook_InvalidMetadata()" classname="com.davon.library.service.CatalogingServiceTest" time="0.007"/>
  <testcase name="testCatalogNewBook_Success()" classname="com.davon.library.service.CatalogingServiceTest" time="0.005"/>
  <testcase name="testVerifyISBN_Invalid()" classname="com.davon.library.service.CatalogingServiceTest" time="0.003"/>
  <testcase name="testVerifyISBN_Valid()" classname="com.davon.library.service.CatalogingServiceTest" time="0.004"/>
  <system-out><![CDATA[]]></system-out>
  <system-err><![CDATA[WARNING: A Java agent has been loaded dynamically (/Users/yasinsezgin/.gradle/caches/modules-2/files-2.1/net.bytebuddy/byte-buddy-agent/1.14.4/3bf5ac1104554908cc623e40e58a00be37c35f36/byte-buddy-agent-1.14.4.jar)
WARNING: If a serviceability tool is in use, please run with -XX:+EnableDynamicAgentLoading to hide this warning
WARNING: If a serviceability tool is not in use, please run with -Djdk.instrument.traceUsage for more information
WARNING: Dynamic loading of agents will be disallowed by default in a future release
]]></system-err>
</testsuite>
