<?xml version="1.0" encoding="UTF-8"?>
<testsuite name="com.davon.library.service.BorrowingServiceTest" tests="4" skipped="0" failures="0" errors="0" timestamp="2025-05-13T14:44:08.834Z" hostname="Yasins-MacBook-Air.local" time="0.001">
  <properties/>
  <testcase name="testCheckoutBook()" classname="com.davon.library.service.BorrowingServiceTest" time="0.0"/>
  <testcase name="testRenewLoan()" classname="com.davon.library.service.BorrowingServiceTest" time="0.0"/>
  <testcase name="testGetLoanHistory()" classname="com.davon.library.service.BorrowingServiceTest" time="0.001"/>
  <testcase name="testPayFine()" classname="com.davon.library.service.BorrowingServiceTest" time="0.0"/>
  <system-out><![CDATA[]]></system-out>
  <system-err><![CDATA[]]></system-err>
</testsuite>
