<?xml version="1.0" encoding="UTF-8"?>
<testsuite name="com.davon.library.controller.BookControllerTest" tests="6" skipped="0" failures="0" errors="0" timestamp="2025-05-13T14:44:08.540Z" hostname="Yasins-MacBook-Air.local" time="0.028">
  <properties/>
  <testcase name="testSearchBooks()" classname="com.davon.library.controller.BookControllerTest" time="0.019"/>
  <testcase name="testGetAllBooks()" classname="com.davon.library.controller.BookControllerTest" time="0.001"/>
  <testcase name="testUpdateBook()" classname="com.davon.library.controller.BookControllerTest" time="0.001"/>
  <testcase name="testGetBookById()" classname="com.davon.library.controller.BookControllerTest" time="0.001"/>
  <testcase name="testCreateBook()" classname="com.davon.library.controller.BookControllerTest" time="0.001"/>
  <testcase name="testDeleteBook()" classname="com.davon.library.controller.BookControllerTest" time="0.001"/>
  <system-out><![CDATA[]]></system-out>
  <system-err><![CDATA[]]></system-err>
</testsuite>
